<?xml version="1.0" encoding="UTF-8"?><testsuite errors="0" failures="0" name="restfulbooker.serinity.project.restfulbookerinfo.UserCRUDTestSteps" skipped="0" tests="6" time="7.5" timestamp="2023-06-05T22:28:18.719+01:00[Europe/London]"><testcase classname="restfulbooker.serinity.project.restfulbookerinfo.UserCRUDTestSteps" name="Creating token."/><testcase classname="restfulbooker.serinity.project.restfulbookerinfo.UserCRUDTestSteps" name="Creating booking and verifying booking created."/><testcase classname="restfulbooker.serinity.project.restfulbookerinfo.UserCRUDTestSteps" name="Getting All IDs."/><testcase classname="restfulbooker.serinity.project.restfulbookerinfo.UserCRUDTestSteps" name="Getting Single ID."/><testcase classname="restfulbooker.serinity.project.restfulbookerinfo.UserCRUDTestSteps" name="Updating Single ID."/><testcase classname="restfulbooker.serinity.project.restfulbookerinfo.UserCRUDTestSteps" name="Deleting the ID and verifying deletion."/></testsuite>